==============================
Fecha: 2026-04-29 11:03:52
Para: miguel@gmail.com
Asunto: Confirmación de reserva - Restaurante El Rincón
------------------------------
Hola miguel,

Tu reserva se ha creado correctamente.

Detalles:
- Restaurante: Restaurante El Rincón
- Fecha: 30/04/2026
- Hora: 12:00
- Personas: 2

Te recordaremos la reserva el día anterior.

Gracias por confiar en nosotros.

==============================
Fecha: 2026-04-30 11:50:12
Para: miguel@gmail.com
Asunto: Cancelación de reserva - Restaurante El Rincón
------------------------------
Hola miguel,

Tu reserva ha sido cancelada.

Reserva cancelada:
- Restaurante: Restaurante El Rincón
- Fecha: 05/05/2026
- Hora: 12:19

Esperamos verte pronto.

==============================
Fecha: 2026-05-07 09:13:29
Para: miguel@gmail.com
Asunto: Cancelación de reserva - Restaurante El Rincón
------------------------------
Hola miguel,

Tu reserva ha sido cancelada.

Reserva cancelada:
- Restaurante: Restaurante El Rincón
- Fecha: 01/05/2026
- Hora: 14:19

Esperamos verte pronto.

